<?xml version="1.0" encoding="UTF-8"?>
<testng-results ignored="0" total="1" passed="1" failed="0" skipped="0">
  <reporter-output>
  </reporter-output>
  <suite started-at="2026-02-08T20:21:43 IST" name="Selenium Test Suite" finished-at="2026-02-08T20:22:12 IST" duration-ms="28794">
    <groups>
    </groups>
    <test started-at="2026-02-08T20:21:43 IST" name="Login Tests" finished-at="2026-02-08T20:22:12 IST" duration-ms="28794">
      <class name="com.selenium.LoginTest">
        <test-method is-config="true" signature="setup()[pri:0, instance:com.selenium.LoginTest@79ca92b9]" started-at="2026-02-08T20:21:43 IST" name="setup" finished-at="2026-02-08T20:22:11 IST" duration-ms="28039" status="PASS">
          <reporter-output>
          </reporter-output>
        </test-method> <!-- setup -->
        <test-method signature="validLoginTest()[pri:0, instance:com.selenium.LoginTest@79ca92b9]" started-at="2026-02-08T20:22:11 IST" name="validLoginTest" finished-at="2026-02-08T20:22:11 IST" duration-ms="489" status="PASS">
          <reporter-output>
          </reporter-output>
        </test-method> <!-- validLoginTest -->
        <test-method is-config="true" signature="tearDown()[pri:0, instance:com.selenium.LoginTest@79ca92b9]" started-at="2026-02-08T20:22:11 IST" name="tearDown" finished-at="2026-02-08T20:22:12 IST" duration-ms="236" status="PASS">
          <reporter-output>
          </reporter-output>
        </test-method> <!-- tearDown -->
      </class> <!-- com.selenium.LoginTest -->
    </test> <!-- Login Tests -->
  </suite> <!-- Selenium Test Suite -->
</testng-results>
